<?xml version="1.0" encoding="UTF-8"?>
<!-- Generated by org.testng.reporters.JUnitReportReporter -->
<testsuite ignored="0" hostname="MSI" failures="0" tests="2" name="com.APITestingFramework.testcases.CreateCustomerTest" time="3.554" errors="0" timestamp="01 May 2021 09:42:22 GMT" skipped="0">
  <testcase classname="com.APITestingFramework.testcases.CreateCustomerTest" name="ValidateCreateCustomerwithInValidSecretKey" time="2.761"/>
  <testcase classname="com.APITestingFramework.testcases.CreateCustomerTest" name="ValidateCreateCustomerwithValidSecretKey" time="0.793"/>
</testsuite> <!-- com.APITestingFramework.testcases.CreateCustomerTest -->
