<?xml version="1.0" encoding="UTF-8"?>
<!-- Generated by org.testng.reporters.JUnitReportReporter -->
<testsuite skipped="0" hostname="admin-PC" name="com.APITestingFramework_Udemy.rough.TestPayPal" tests="2" failures="0" timestamp="2021-05-07T18:11:37 IST" time="8.486" errors="0">
  <testcase name="getAuthKey" time="5.702" classname="com.APITestingFramework_Udemy.rough.TestPayPal"/>
  <testcase name="createOrder" time="2.784" classname="com.APITestingFramework_Udemy.rough.TestPayPal"/>
</testsuite> <!-- com.APITestingFramework_Udemy.rough.TestPayPal -->
