<?xml version="1.0" encoding="UTF-8"?>
<!-- Generated by org.testng.reporters.JUnitReportReporter -->
<testsuite hostname="MSI" failures="0" tests="1" name="com.APITestingFramework.testcases.DeleteCustomerTest" time="3.371" errors="0" timestamp="06 May 2021 05:02:12 GMT" skipped="0">
  <testcase classname="com.APITestingFramework.testcases.DeleteCustomerTest" name="ValidateDeleteCustomerAPIWithValidId" time="3.371"/>
</testsuite> <!-- com.APITestingFramework.testcases.DeleteCustomerTest -->
